\BOOKMARK [0][-]{chapter.1}{Computa\347\343o Cient\355fica com Python}{}% 1
\BOOKMARK [1][-]{section.1.1}{Uma Introdu\347\343o \340 Programa\347\343o para Cientistas}{chapter.1}% 2
\BOOKMARK [1][-]{section.1.2}{Agradecimentos}{chapter.1}% 3
\BOOKMARK [0][-]{chapter.2}{Pref\341cio: Computa\347\343o Cient\355fica}{}% 4
\BOOKMARK [1][-]{section.2.1}{Apresentando o Python}{chapter.2}% 5
\BOOKMARK [1][-]{section.2.2}{Usando este Livro}{chapter.2}% 6
\BOOKMARK [0][-]{chapter.3}{Fundamentos da Linguagem}{}% 7
\BOOKMARK [1][-]{section.3.1}{Primeiras impress\365es}{chapter.3}% 8
\BOOKMARK [1][-]{section.3.2}{Uso Interativo vs. Execu\347\343o a Partir de Scripts}{chapter.3}% 9
\BOOKMARK [1][-]{section.3.3}{Opera\347\365es com N\372meros}{chapter.3}% 10
\BOOKMARK [1][-]{section.3.4}{Listas}{chapter.3}% 11
\BOOKMARK [1][-]{section.3.5}{Tuplas}{chapter.3}% 12
\BOOKMARK [1][-]{section.3.6}{Strings}{chapter.3}% 13
\BOOKMARK [1][-]{section.3.7}{Conjuntos}{chapter.3}% 14
\BOOKMARK [1][-]{section.3.8}{Itera\347\343o}{chapter.3}% 15
\BOOKMARK [1][-]{section.3.9}{Lidando com erros: Exce\347\365es}{chapter.3}% 16
\BOOKMARK [1][-]{section.3.10}{Fun\347\365es lambda}{chapter.3}% 17
\BOOKMARK [0][-]{chapter.4}{Programa\347\343o Orientada a Objetos}{}% 18
\BOOKMARK [1][-]{section.4.1}{Definindo Objetos e seus Atributos em Python}{chapter.4}% 19
\BOOKMARK [1][-]{section.4.2}{Heran\347a}{chapter.4}% 20
\BOOKMARK [1][-]{section.4.3}{Utilizando Classes como Estruturas de Dados Gen\351ricas.}{chapter.4}% 21
\BOOKMARK [0][-]{chapter.5}{Introdu\347\343o ao Matplotlib}{}% 22
\BOOKMARK [0][-]{chapter.6}{Exemplos Avan\347ados}{}% 23
\BOOKMARK [1][-]{section.6.1}{Mapas}{chapter.6}% 24
\BOOKMARK [0][-]{chapter.7}{Editores Gen\351ricos}{}% 25
\BOOKMARK [0][-]{chapter.8}{Editores Especializados}{}% 26
\BOOKMARK [1][-]{section.8.1}{Controle de Vers\365es em Software}{chapter.8}% 27
\BOOKMARK [0][-]{chapter.9}{Introdu\347\343o}{}% 28
\BOOKMARK [0][-]{chapter.10}{Integra\347\343o com a Linguagem C}{}% 29
\BOOKMARK [0][-]{chapter.11}{Integra\347\343o com C++}{}% 30
\BOOKMARK [1][-]{section.11.1}{Criando ``Applets'' em Jython}{chapter.11}% 31
\BOOKMARK [0][-]{chapter.12}{Exerc\355cios}{}% 32
\BOOKMARK [0][-]{chapter.13}{O interpretador Jython}{}% 33
\BOOKMARK [0][-]{chapter.14}{Introdu\347\343o}{}% 34
\BOOKMARK [0][-]{chapter.15}{NetworkX}{}% 35
\BOOKMARK [1][-]{section.15.1}{Construindo Grafos}{chapter.15}% 36
\BOOKMARK [1][-]{section.15.2}{Manipulando Grafos}{chapter.15}% 37
\BOOKMARK [1][-]{section.15.3}{Criando Grafos a Partir de Outros Grafos}{chapter.15}% 38
\BOOKMARK [1][-]{section.15.4}{Gerando um Grafo Dinamicamente}{chapter.15}% 39
\BOOKMARK [1][-]{section.15.5}{Construindo um Grafo a Partir de Dados}{chapter.15}% 40
\BOOKMARK [0][-]{chapter.16}{Exerc\355cios}{}% 41
\BOOKMARK [0][-]{chapter.17}{O M\363dulo Pickle}{}% 42
\BOOKMARK [0][-]{chapter.18}{O Pacote SQLObject}{}% 43
\BOOKMARK [1][-]{section.18.1}{Construindo um aranha digital}{chapter.18}% 44
\BOOKMARK [0][-]{chapter.19}{Exerc\355cios}{}% 45
\BOOKMARK [0][-]{chapter.20}{Introdu\347\343o ao Console Gnu/Linux}{}% 46
\BOOKMARK [1][-]{section.20.1}{A linguagem BASH}{chapter.20}% 47
\BOOKMARK [1][-]{section.20.2}{Entradas e Sa\355das, redirecionamento e ``Pipes''.}{chapter.20}% 48
\BOOKMARK [0][-]{chapter.21}{Comandos do Console Linux}{}% 49
\BOOKMARK [1][-]{section.21.1}{Arquivos e diret\363rios:}{chapter.21}% 50
\BOOKMARK [1][-]{section.21.2}{Visualiza\347\343o de arquivos:}{chapter.21}% 51
\BOOKMARK [1][-]{section.21.3}{Cria\347\343o e Edi\347\343o de Arquivos:}{chapter.21}% 52
\BOOKMARK [1][-]{section.21.4}{Propriedades dos Arquivos:}{chapter.21}% 53
\BOOKMARK [1][-]{section.21.5}{Localiza\347\343o de Arquivos:}{chapter.21}% 54
\BOOKMARK [1][-]{section.21.6}{Manipula\347\343o de Arquivos Texto:}{chapter.21}% 55
\BOOKMARK [1][-]{section.21.7}{Compress\343o de Arquivos:}{chapter.21}% 56
\BOOKMARK [1][-]{section.21.8}{Compara\347\343o de Arquivos:}{chapter.21}% 57
\BOOKMARK [1][-]{section.21.9}{Discos e Sistemas de Arquivos:}{chapter.21}% 58
\BOOKMARK [1][-]{section.21.10}{Impress\343o:}{chapter.21}% 59
\BOOKMARK [1][-]{section.21.11}{Verifica\347\343o Ortogr\341fica:}{chapter.21}% 60
\BOOKMARK [1][-]{section.21.12}{Processos:}{chapter.21}% 61
\BOOKMARK [1][-]{section.21.13}{Agendando Tarefas:}{chapter.21}% 62
\BOOKMARK [1][-]{section.21.14}{Sistema e Rede:}{chapter.21}% 63
\BOOKMARK [1][-]{section.21.15}{Audio e V\355deo:}{chapter.21}% 64
\BOOKMARK [0][-]{chapter.22}{Indices and tables}{}% 65
\BOOKMARK [0][-]{section*.9}{\315ndice}{}% 66
